AzerothCore rev. bd936d08590d+ 2025-07-21 02:43:37 +0000 (master branch) (Unix, RelWithDebInfo, Static) (worldserver-daemon)
<Ctrl-C> to stop.

   █████╗ ███████╗███████╗██████╗  ██████╗ ████████╗██╗  ██╗
  ██╔══██╗╚══███╔╝██╔════╝██╔══██╗██╔═══██╗╚══██╔══╝██║  ██║
  ███████║  ███╔╝ █████╗  ██████╔╝██║   ██║   ██║   ███████║
  ██╔══██║ ███╔╝  ██╔══╝  ██╔══██╗██║   ██║   ██║   ██╔══██║
  ██║  ██║███████╗███████╗██║  ██║╚██████╔╝   ██║   ██║  ██║
  ╚═╝  ╚═╝╚══════╝╚══════╝╚═╝  ╚═╝ ╚═════╝    ╚═╝   ╚═╝  ╚═╝
                                 ██████╗ ██████╗ ██████╗ ███████╗
                                ██╔════╝██╔═══██╗██╔══██╗██╔════╝
                                ██║     ██║   ██║██████╔╝█████╗
                                ██║     ██║   ██║██╔══██╗██╔══╝
                                ╚██████╗╚██████╔╝██║  ██║███████╗
                                 ╚═════╝ ╚═════╝ ╚═╝  ╚═╝╚══════╝

     AzerothCore 3.3.5a  -  www.azerothcore.org

> Using configuration file       /azerothcore/env/dist/etc/worldserver.conf
> Using SSL version:             OpenSSL 3.0.2 15 Mar 2022 (library: OpenSSL 3.0.2 15 Mar 2022)
> Using Boost version:           1.74.0
 
Can't set process priority class, error: Permission denied
 
Loading Modules Configuration...
 
Using modules configuration:
> mod_eluna.conf.dist
> individualProgression.conf
> transmog.conf
 
Initializing Scripts...
> Loading C++ scripts
 
> Config: Found config value 'Updates.EnableDatabases' from environment variable 'AC_UPDATES_ENABLE_DATABASES'.
> AUTOUPDATER: Automatic database updates are disabled for all databases in the config! This is not recommended!
> Config: Found config value 'LoginDatabaseInfo' from environment variable 'AC_LOGIN_DATABASE_INFO'.
Opening DatabasePool 'acore_auth'. Asynchronous connections: 1, synchronous connections: 1.
DatabasePool 'acore_auth' opened successfully. 2 total connections running.
 
> Config: Found config value 'CharacterDatabaseInfo' from environment variable 'AC_CHARACTER_DATABASE_INFO'.
Opening DatabasePool 'acore_characters'. Asynchronous connections: 1, synchronous connections: 1.
DatabasePool 'acore_characters' opened successfully. 2 total connections running.
 
> Config: Found config value 'WorldDatabaseInfo' from environment variable 'AC_WORLD_DATABASE_INFO'.
Opening DatabasePool 'acore_world'. Asynchronous connections: 1, synchronous connections: 1.
DatabasePool 'acore_world' opened successfully. 2 total connections running.
 
Loading World Information...
> RealmID:              1
> Version DB world:     ACDB 335.13-dev
Loading Quest XP cache....
Loaded 5657 quest XP values into cache
> Config: Found config value 'CloseIdleConnections' from environment variable 'AC_CLOSE_IDLE_CONNECTIONS'.
Client cache version set to: 13
Will clear `logs` table of entries older than 1209600 seconds every 10 minutes.
> Config: Found config value 'DataDir' from environment variable 'AC_DATA_DIR'.
Using DataDir /azerothcore/env/dist/data/
WORLD: VMap support included. LineOfSight:true, getHeight:true, indoorCheck:true PetLOS:true
Loading transmog appearance collection cache....
Loaded 61 collected appearances into cache
 
Loading Acore Strings...
>> Loaded 1178 Acore Strings in 16 ms
 
Loading Module Strings...
>> Loaded 0 module strings. DB table `module_string` is empty.
 
Loading Module Strings Locale...
>> Loaded 0 module strings locale. DB table `module_string_locale` is empty.
 
Initialize Data Stores...
>> Initialized 110 Data Stores in 1019 ms
 
Using enUS DBC Locale As Default. All Available DBC locales: enUS 
 
>> Loading Cinematic Camera files
>> Loaded 14 Cinematic Waypoint Sets in 0 ms
 
Loading IP Location Database...
 
Loading Game Graveyard...
>> Loaded 685 Graveyard in 10 ms
 
Initializing PlayerDump Tables...
>> Initialized Tables For PlayerDump in 73 ms.
 
Loading SpellInfo Store...
>> Loaded Spell Custom Attributes in 94 ms
 
Loading Spell Cooldown Overrides...
>> Loaded 1086 Spell Cooldown Overrides entries in 9 ms
 
Loading SpellInfo Data Corrections...
>> Loading spell dbc data corrections  in 8 ms
 
Loading Spell Rank Data...
>> Loaded 3526 spell rank records in 15 ms
 
Loading Spell Specific And Aura State...
>> Loaded Spell Specific And Aura State in 9 ms
 
Loading SkillLineAbilityMultiMap Data...
>> Loaded 10248 SkillLineAbility MultiMap Data in 4 ms
 
Loading SpellInfo Custom Attributes...
>> Loaded 331 spell custom attributes from DB in 3 ms
>> Loaded SpellInfo Custom Attributes in 29 ms
 
Loading Player Totem models...
>> Loaded 20 player totem model records in 2 ms
 
Loading Player Shapeshift models...
>> Loaded 107 player totem model records in 3 ms
 
Loading GameObject Models...
>> Loaded 2324 GameObject Models in 1 ms
 
Loading Script Names...
>> Loaded 3089 ScriptNames in 1181 ms
 
Loading Instance Template...
>> Loaded 85 Instance Templates in 1 ms
 
Loading Character Cache...
>> Loaded Character Infos For 3 Characters in 2 ms
 
Loading Instances...
>> Loaded Instances And Binds in 10 ms
 
Loading Broadcast Texts...
>> Loaded 73039 Broadcast Texts in 347 ms
>> Loaded 583570 Broadcast Text Locales in 1498 ms
 
Loading Localization Strings...
>> Loaded 27331 Creature Locale Strings in 493 ms
>> Loaded 20585 Gameobject Locale Strings in 337 ms
>> Loaded 46098 Item Locale Strings in 687 ms
>> Loaded 2481 Item Set Name Locale Strings in 59 ms
>> Loaded 9461 Quest Locale Strings in 454 ms
>> Loaded 13567 Quest Offer Reward Locale Strings in 411 ms
>> Loaded 7502 Quest Request Items Locale Strings in 234 ms
>> Loaded 8368 Npc Text Locale Strings in 172 ms
>> Loaded 1974 Page Text Locale Strings in 80 ms
>> Loaded 5039 Gossip Menu Option Locale Strings in 112 ms
>> Loaded 453 Points Of Interest Locale Strings in 15 ms
>> Loaded 106 Pet Name Locales Parts in 3 ms
 
>> Localization Strings loaded in 3057 ms
 
Loading Page Texts...
>> Loaded 1946 Page Texts in 23 ms
 
Loading Game Object Templates...
>> Loaded 21584 Game Object Templates in 174 ms
 
Loading Game Object Template Addons...
>> Loaded 21493 Game Object Template Addons in 66 ms
 
Loading Transport Templates...
>> Loaded 30 Transport Templates in 20 ms
 
Loading Spell Required Data...
>> Loaded 50 Spell Required Records in 2 ms
 
Loading Spell Group Types...
>> Loaded 365 Spell Group Definitions in 3 ms
 
Loading Spell Learn Skills...
>> Loaded 103 Spell Learn Skills From DBC in 3 ms
 
Loading Spell Proc Event Conditions...
>> Loaded 837 Extra Spell Proc Event Conditions in 7 ms
 
Loading Spell Proc Conditions and Data...
>> Loaded 0 Spell Proc Conditions And Data. DB table `spell_proc` Is Empty.
 
Loading Spell Bonus Data...
>> Loaded 1270 Extra Spell Bonus Data in 9 ms
 
Loading Aggro Spells Definitions...
>> Loaded 106 SpellThreatEntries in 3 ms
 
Loading Mixology Bonuses...
>> Loaded 21 Mixology Bonuses in 2 ms
 
Loading Spell Group Stack Rules...
>> Loaded 36 Spell Group Stack Rules in 3 ms
 
Loading NPC Texts...
>> Loaded 8371 Npc Texts in 192 ms
 
Loading Enchant Spells Proc Datas...
>> Loaded 42 Enchant Proc Data Definitions in 3 ms
 
Loading Item Random Enchantments Table...
>> Loaded 28725 Item Enchantment Definitions in 68 ms
 
Loading Disables
>> Loaded 803 Disables in 5 ms
 
Loading Items...
>> Loaded 46096 Item Templates in 1480 ms
 
Loading Item Set Names...
>> Loaded 2481 Item Set Names in 10 ms
 
Loading Creature Model Based Info Data...
>> Loaded 24143 Creature Model Based Info in 80 ms
 
Loading Creature Custom IDs Config...
Loading Creature Templates...
>> Loaded 40345 creature template models in 146 ms
>> Loaded 4520 Creature Template Resistances in 15 ms
 
>> Loaded 9578 Creature Template Spells in 23 ms
 
>> Loaded 30085 Creature Definitions in 1019 ms
 
Loading Equipment Templates...
>> Loaded 10882 Equipment Templates in 44 ms
 
Loading Creature Template Addons...
>> Loaded 11985 Creature Template Addons in 62 ms
 
Loading Reputation Reward Rates...
>> Loaded 14 Reputation Reward Rate in 2 ms
 
Loading Creature Reputation OnKill Data...
>> Loaded 2042 Creature Award Reputation Definitions in 13 ms
 
Loading Reputation Spillover Data...
>> Loaded 26 Reputation Spillover Template in 3 ms
 
Loading Points Of Interest Data...
>> Loaded 463 Points of Interest Definitions in 7 ms
 
Loading Creature Base Stats...
>> Loaded 400 Creature Base Stats in 11 ms
 
Loading Creature Data...
>> Loaded 153449 Creatures in 2043 ms
 
Loading Creature sparring...
>> Loaded 0 sparring data. DB table `creature_sparring` is empty.
 
Loading Temporary Summon Data...
>> Loaded 1208 Temporary Summons in 15 ms
 
Loading Pet Levelup Spells...
>> Loaded 993 Pet Levelup And Default Spells For 39 Families in 0 ms
 
Loading Pet default Spells additional to Levelup Spells...
>> Loaded Addition Spells For 112 Pet Spell Data Entries in 3 ms
 
Loading Summonable Creature Templates...
>> Loaded 471 Summonable Creature emplates in 4 ms
 
Loading Creature Addon Data...
>> Loaded 35216 Creature Addons in 154 ms
 
Loading Creature Movement Overrides...
>> Loaded 9 Movement Overrides in 4 ms
 
Loading Gameobject Data...
>> Loaded 92944 Gameobjects in 1325 ms
 
Loading GameObject Addon Data...
>> Loaded 32 Gameobject Addons in 1 ms
 
Loading GameObject Quest Items...
>> Loaded 0 gameobject quest items. DB table `gameobject_questitem` is empty.
Loading Creature Quest Items...
>> Loaded 33 Creature Quest Items in 2 ms
 
Loading Creature Linked Respawn...
>> Loaded 4314 Linked Respawns In 12 ms
 
Loading Weather Data...
>> Loaded 35 Weather Definitions in 2 ms
 
Loading Quests...
>> Loaded 9484 Quests Definitions in 526 ms
 
Checking Quest Disables
>> Checked 585 Quest Disables in 0 ms
 
Loading Quest POI
>> Loaded 0 quest POI definitions. DB table `quest_poi` is empty.
 
Loading Quests Starters and Enders...
Loading GO Start Quest Data...
>> Loaded 460 Quest Relations From gameobject_queststarter in 4 ms
 
Loading GO End Quest Data...
>> Loaded 459 Quest Relations From gameobject_questender in 5 ms
 
Loading Creature Start Quest Data...
>> Loaded 7579 Quest Relations From creature_queststarter in 39 ms
 
Loading Creature End Quest Data...
>> Loaded 8044 Quest Relations From creature_questender in 36 ms
 
Loading Quest Greetings...
>> Loaded 206 quest_greeting in 4 ms
 
Loading Quest Greeting Locales...
>> Loaded 75 quest greeting Locale Strings in 3 ms
 
Loading Quest Money Rewards...
>> Loaded 800 Quest Money Rewards in 3 ms
 
Loading Objects Pooling Data...
>> Loaded 7423 Objects Pools In 22 ms
 
Loading Creatures Pooling Data...
>> Loaded 1666 Creatures In Pools in 5 ms
 
Loading Gameobjects Pooling Data...
>> Loaded 29185 Gameobjects In Pools in 59 ms
 
Loading Mother Pooling Data...
>> Loaded 5001 Pools In Mother Pools in 20 ms
 
Loading Quest Pooling Data...
>> Loaded 175 Quests In Pools in 1 ms
 
Starting Objects Pooling System...
 
Loading Game Event Data...
>> Loaded 153 Holiday Dates in 1 ms
Loading Game Events...
>> Loaded 118 Game Events in 6 ms
 
Loading Game Event Saves Data...
>> Loaded 0 Game Event Saves In Game Events. DB Table `game_event_save` Is Empty.
 
Loading Game Event Prerequisite Data...
>> Loaded 0 Game Rvent Prerequisites in Game Events. DB Table `game_event_prerequisite` Is Empty.
 
Loading Game Event Creature Data...
>> Loaded 11517 Creatures In Game Events in 14 ms
 
Loading Game Event GO Data...
>> Loaded 32004 Gameobjects In Game Events in 28 ms
 
Loading Game Event Model/Equipment Change Data...
>> Loaded 0 Model/Equipment Changes In Game Events. DB Table `game_event_model_equip` Is Empty.
 
Loading Game Event Quest Data...
>> Loaded 242 Quests Additions In Game Events in 1 ms
 
Loading Game Event GO Quest Data...
>> Loaded 78 Quests Additions In Game Events in 2 ms
 
Loading Game Event Quest Condition Data...
>> Loaded 0 quest event Conditions In Game Events. DB Table `game_event_quest_condition` Is Empty.
 
Loading Game Event Condition Data...
>> Loaded 0 Conditions In Game Events. DB table `game_event_condition` Is Empty.
 
Loading Game Event Condition Save Data...
>> Loaded 0 Condition Saves In Game Events. DB Table `game_event_condition_save` Is Empty.
 
Loading Game Event NPCflag Data...
>> Loaded 5 Npcflags In Game Events In 1 ms
 
Loading Game Event Seasonal Quest Relations...
>> Loaded 690 Quests Additions In Game Events in 2 ms
 
Loading Game Event Vendor Additions Data...
>> Loaded 129 Vendor Additions In Game Events in 1 ms
 
Loading Game Event Battleground Data...
>> Loaded 6 Battleground Holidays In Game Events in 2 ms
 
Loading Game Event Pool Data...
>> Loaded 8 Pools For Game Events in 0 ms
 
Loading UNIT_NPC_FLAG_SPELLCLICK Data...
>> Loaded 333 Spellclick Definitions in 7 ms
 
Loading Vehicle Template Accessories...
>> Loaded 193 Vehicle Template Accessories in 3 ms
 
Loading Vehicle Accessories...
>> Loaded 0 Vehicle Accessories in 2 ms
 
Loading Vehicle Seat Addon Data...
>> Loaded 29 Vehicle Seat Addon entries in 3 ms
Loading SpellArea Data...
>> Using ICC Buff Horde: 73822
>> Using ICC Buff Alliance: 73828
>> Loaded 704 Spell Area Requirements in 7 ms
 
Loading Area Trigger Definitions
>> Loaded 1226 Area Trigger Definitions in 16 ms
 
Loading Area Trigger Teleport Definitions...
>> Loaded 270 Area Trigger Teleport Definitions in 6 ms
 
Loading Access Requirements...
>> Loaded 123 Rows From dungeon_access_template And 45 Rows From dungeon_access_requirements in 44 ms
 
Loading Quest Area Triggers...
>> Loaded 66 Quest Trigger Points in 1 ms
 
Loading Tavern Area Triggers...
>> Loaded 113 Tavern Triggers in 2 ms
 
Loading AreaTrigger Script Names...
>> Loaded 159 Areatrigger Scripts in 2 ms
 
Loading LFG Entrance Positions...
>> Loaded 22 LFG Entrance Positions in 2 ms
 
Loading Dungeon Boss Data...
>> Loaded 628 Instance Encounters in 5 ms
 
Loading LFG Rewards...
>> Loaded 15 LFG Dungeon Rewards in 3 ms
 
Loading Graveyard-Zone Links...
>> Loaded 704 Graveyard-Zone Links in 5 ms
 
Loading Spell Pet Auras...
>> Loaded 49 Spell Pet Auras in 2 ms
 
Loading Spell Target Coordinates...
>> Loaded 679 Spell Teleport Coordinates in 8 ms
 
Loading Enchant Custom Attributes...
>> Loaded 50 Custom Enchant Attributes in 1 ms
 
Loading linked Spells...
>> Loaded 612 Linked Spells in 6 ms
 
Loading Player Create Data...
>> Loaded 62 Player Create Definitions in 3 ms
 
Loading Player Create Items Data...
>> Loaded 1 Custom Player Create Items in 2 ms
 
Loading Player Create Skill Data...
>> Loaded 1020 Player Create Skills in 3 ms
 
Loading Player Create Spell Data...
>> Loaded 0 player create spells. DB table `playercreateinfo_spell_custom` is empty.
Loading Player Create Cast Spell Data...
>> Loaded 19 Player Create Cast Spells in 2 ms
 
Loading Player Create Action Data...
>> Loaded 358 Player Create Actions in 3 ms
 
Loading Player Create Level Stats Data...
>> Loaded 746 Level Stats Definitions in 9 ms
 
Loading Player Create XP Data...
>> Loaded 79 XP For Level Definitions in 2 ms
 
Loading Exploration BaseXP Data...
>> Loaded 80 BaseXP Definitions in 3 ms
 
Loading Pet Name Parts...
>> Loaded 313 Pet Name Parts in 3 ms
 
Loading The Max Pet Number...
>> Loaded The Max Pet Number: 0 in 1 ms
 
Loading Pet Level Stats...
>> Loaded 2800 Level Pet Stats Definitions in 17 ms
 
Loading Player Level Dependent Mail Rewards...
>> Loaded 2 Level Dependent Mail Rewards in 3 ms
 
Load Mail Server definitions...
>> Loaded 0 server mail rewards. DB table `mail_server_template` is empty.
 
Loading Creature Loot Templates...
>> Loaded 250306 Creature Loot Templates in 624 ms
 
Loading Fishing Loot Templates...
>> Loaded 251 Fishing Loot Templates in 4 ms
 
Loading Gameobject Loot Templates...
>> Loaded 17971 Gameobject Loot Templates in 70 ms
 
Loading Item Loot Templates...
>> Loaded 4999 item loot templates in 25 ms
 
Loading Mail Loot Templates...
>> Loaded 112 mail loot templates in 3 ms
 
Loading Milling Loot Templates...
>> Loaded 45 milling loot templates in 6 ms
 
Loading Pickpocketing Loot Templates...
>> Loaded 13525 pickpocketing loot templates in 69 ms
 
Loading Skinning Loot Templates...
>> Loaded 1979 skinning loot templates in 13 ms
 
Loading Disenchanting Loot Templates...
>> Loaded 124 disenchanting loot templates in 9 ms
 
Loading Prospecting Loot Templates...
>> Loaded 36 prospecting loot templates in 7 ms
 
Loading Spell Loot Templates...
>> Loaded 163 spell loot templates in 8 ms
 
Loading Reference Loot Templates...
>> Loaded reference loot templates in 160 ms
 
Loading Player Loot Templates...
>> Loaded 20 player loot templates in 3 ms
 
Loading Skill Discovery Table...
>> Loaded 347 skill discovery definitions in 5 ms
 
Loading Skill Extra Item Table...
>> Loaded 227 spell specialization definitions in 3 ms
 
Loading Skill Perfection Data Table...
>> Loaded 72 spell perfection definitions in 2 ms
 
Loading Skill Fishing Base Level Requirements...
>> Loaded 94 areas for fishing base skill level in 2 ms
 
Loading Achievements...
>> Loaded 43 achievement references in 0 ms
 
Loading Achievement Criteria Lists...
>> Loaded 7494 achievement criteria in 3 ms
 
Loading Achievement Criteria Data...
>> Loaded 2815 additional achievement criteria data in 9 ms
 
Loading Achievement Rewards...
>> Loaded 116 achievement rewards in 5 ms
 
Loading Achievement Reward Locales...
>> Loaded 102 Achievement Reward Locale Strings in 4 ms
 
Loading Completed Achievements...
>> Loaded 43 completed achievements in 1 ms
 
Loading Item Auctions...
>> Loaded 0 auction items. DB table `auctionhouse` or `item_instance` is empty!
 
Loading Auctions...
>> Loaded 0 auctions. DB table `auctionhouse` is empty.
 
Loading Guilds Definitions...
>> Loaded 0 guild definitions. DB table `guild` is empty.
 
Loading Guild Ranks...
>> Loaded 0 guild ranks. DB table `guild_rank` is empty.
 
Loading Guild Members...
>> Loaded 0 guild members. DB table `guild_member` is empty.
 
Loading Bank Tab Rights...
>> Loaded 0 guild bank tab rights. DB table `guild_bank_right` is empty.
 
Loading Guild Event Logs...
>> Loaded 0 guild event logs. DB table `guild_eventlog` is empty.
 
Loading Guild Bank Event Logs...
>> Loaded 0 guild bank event logs. DB table `guild_bank_eventlog` is empty.
 
Loading Guild Bank Tabs...
>> Loaded 0 guild bank tabs. DB table `guild_bank_tab` is empty.
 
Filling bank tabs with items...
>> Loaded 0 guild bank tab items. DB table `guild_bank_item` or `item_instance` is empty.
 
Validating data of loaded guilds...
>> Validated data of loaded guilds in 0 ms
 
Loading ArenaTeams...
>> Loaded 0 arena teams. DB table `arena_team` is empty!
 
Loading Groups...
>> Loaded 1 group definitions in 4 ms
 
Loading Group Members...
>> Loaded 2 group members in 2 ms
 
Loading Reserved Names...
>> Loaded 0 reserved names. DB table `reserved_name` is empty!
>> Loaded 16330 reserved names from DBC in 22 ms
 
Loading Profanity Names...
>> Loaded 0 profanity names. DB table `profanity_name` is empty!
>> Loaded 8267 profanity names from DBC in 7 ms
 
Loading GameObjects for Quests...
>> Loaded 1821 GameObjects for quests in 2 ms
 
Loading BattleMasters...
>> Loaded 146 battlemaster entries in 6 ms
 
Loading GameTeleports...
>> Loaded 1989 GameTeleports in 19 ms
 
Loading Gossip Menu...
>> Loaded 6092 gossip_menu entries in 19 ms
 
Loading Gossip Menu Options...
>> Loaded 4673 gossip_menu_option entries in 45 ms
 
Loading Vendors...
>> Loaded 36514 Vendors in 134 ms
 
Loading Trainers...
>> Loaded 68968 Trainers in 215 ms
 
Loading Waypoints...
>> Loaded 145426 waypoints in 512 ms
 
Loading SmartAI Waypoints...
>> Loaded 838 SmartAI waypoint paths (total 14379 waypoints) in 50 ms
 
Loading Creature Formations...
>> Loaded 6472 Creatures In Formations in 41 ms
 
Loading WorldStates...
>> Loaded 184 World States in 2 ms
 
Loading Conditions...
>> Loaded 16491 conditions in 135 ms
 
Loading Faction Change Achievement Pairs...
>> Loaded 124 faction change achievement pairs in 2 ms
 
Loading Faction Change Spell Pairs...
>> Loaded 113 faction change spell pairs in 2 ms
 
Loading Faction Change Item Pairs...
>> Loaded 1395 faction change item pairs in 5 ms
 
Loading Faction Change Reputation Pairs...
>> Loaded 15 faction change reputation pairs in 3 ms
 
Loading Faction Change Title Pairs...
>> Loaded 22 faction change title pairs in 2 ms
 
Loading Faction Change Quest Pairs...
>> Loaded 293 faction change quest pairs in 3 ms
 
Loading GM Tickets...
>> Loaded 0 GM tickets. DB table `gm_ticket` is empty!
Loading GM Surveys...
>> Loaded GM Survey count from database in 1 ms
 
Loading Client Addons...
>> Loaded 23 known addons in 1 ms
 
Deleting Invalid Mail Items...
 
Returning Old Mails...
 
Loading Autobroadcasts...
Loading Motd...
Loading Motd locale...
>> Loaded 0 motd locale definitions. DB table `motd_localized` is empty for this realm!
 
>> Loaded 0 motd locale definitions in 2 ms
>> Loaded motd definitions in 3 ms
 
Loading spell_scripts...
>> Loaded 130 script definitions in 3 ms
 
Loading event_scripts...
>> Loaded 448 script definitions in 7 ms
 
Loading waypoint_scripts...
>> Loaded 576 script definitions in 8 ms
 
Loading Spell Script Names...
>> Loaded 2309 spell script names in 12 ms
 
Loading Creature Texts...
>> Loaded 18735 Creature Texts For 4178 Creatures in 140 ms
 
Loading Creature Text Locales...
>> Loaded 14027 Creature Text Locale in 72 ms
 
Loading Scripts...
Loading Script Waypoints For 62 Creature(s)...
>> Loaded 2363 Script Waypoint nodes in 22 ms
>> Loaded 3180 C++ scripts in 112 ms
 
Validating Spell Scripts...
>> Validated 2686 scripts in 3 ms
 
Loading SmartAI Scripts...
>> Loaded 14015 SmartAI scripts in 555 ms
 
Loading Calendar Data...
>> Loaded 0 calendar events
>> Loaded 0 calendar invites
 
Initializing SpellInfo Precomputed Data...
 
Initialize Commands...
Initialize Game Time and Timers
 
Starting Map System
 
Starting Game Event system...
 
Loading WorldState...
Player::DeleteOldChars: Deleting all characters which have been deleted 30 days before...
 
Initializing Opcodes...
Loading Arena Season Rewards...
>> Loaded 39 arena season rewards in 7 ms
 
Loading Active Arena Season...
Arena Season 8 loaded...
 
Starting Battleground System
>> Loaded 13 battlegrounds in 1 ms
 
Starting Outdoor PvP System
>> Loaded 7 outdoor PvP definitions in 0 ms
 
Starting Battlefield System
Battlefield: Wintergrasp successfully initiated.
 
Loading Transports...
>> Spawned 20 continent motion transports in 389 ms
Loading Warden Checks...
>> Loaded 793 warden checks.
 
Loading Warden Action Overrides...
>> Loaded 1 warden action overrides.
 
Deleting Expired Bans...
Calculate Next Daily Quest Reset Time...
Calculate Next Weekly Quest Reset Time...
Calculate Next Monthly Quest Reset Time...
Calculate Random Battleground Reset Time...
Calculate Deletion Of Old Calendar Events Time...
Calculate Guild Cap Reset Time...
 
Load Petitions...
>> Loaded 0 Petitions!
 
Load Petition Signs...
>> Loaded 0 Petition signs!
 
Load Stored Loot Items...
>> Loaded 0 stored items!
 
Load Channel Rights...
>> Loaded 0 Channel Rights!
 
Load Channels...
>> Loaded 0 channels. DB table `channels` is empty.
Loading AntiDos opcode policies
>> Loaded 102 AntiDos Opcode Policies in 3 ms
 
 
WORLD: World Initialized In 0 Minutes 19 Seconds
 
AzerothCore rev. bd936d08590d+ 2025-07-21 02:43:37 +0000 (master branch) (Unix, RelWithDebInfo, Static) (worldserver-daemon) ready...
Calendar deletion of old events.
Guild Daily Cap reset.
Update time diff: 102ms with 0 players online
Last 500 diffs summary:
|- Mean: 7ms
|- Median: 1ms
|- Percentiles (95, 99, max): 20ms, 22ms, 102ms
